[Sun Feb 19 13:35:06 2023] PHP 8.2.1 Development Server (http://localhost:2525) started
[Sun Feb 19 13:35:11 2023] [::1]:35196 Accepted
[Sun Feb 19 13:35:12 2023] [::1]:35196 [302]: GET /
[Sun Feb 19 13:35:12 2023] [::1]:35196 Closing
[Sun Feb 19 13:35:12 2023] [::1]:35204 Accepted
[Sun Feb 19 13:35:12 2023] [::1]:35204 [200]: GET /panel.php
[Sun Feb 19 13:35:12 2023] [::1]:35204 Closing
[Sun Feb 19 13:35:12 2023] [::1]:35210 Accepted
[Sun Feb 19 13:35:12 2023] [::1]:35210 [200]: GET /assets/css/bootstrap.min.css
[Sun Feb 19 13:35:12 2023] [::1]:35210 Closing
[Sun Feb 19 13:35:12 2023] [::1]:35224 Accepted
[Sun Feb 19 13:35:12 2023] [::1]:35224 [200]: GET /assets/css/light-theme.min.css
[Sun Feb 19 13:35:12 2023] [::1]:35240 Accepted
[Sun Feb 19 13:35:12 2023] [::1]:35224 Closing
[Sun Feb 19 13:35:12 2023] [::1]:35240 [200]: GET /assets/js/jquery.min.js
[Sun Feb 19 13:35:12 2023] [::1]:35240 Closing
[Sun Feb 19 13:35:12 2023] [::1]:35254 Accepted
[Sun Feb 19 13:35:12 2023] [::1]:35254 [200]: GET /assets/js/script.js
[Sun Feb 19 13:35:12 2023] [::1]:35254 Closing
[Sun Feb 19 13:35:12 2023] [::1]:35270 Accepted
[Sun Feb 19 13:35:12 2023] [::1]:35270 [200]: GET /assets/js/sweetalert2.min.js
[Sun Feb 19 13:35:12 2023] [::1]:35270 Closing
[Sun Feb 19 13:35:12 2023] [::1]:35280 Accepted
[Sun Feb 19 13:35:12 2023] [::1]:35280 [200]: GET /assets/js/growl-notification.min.js
[Sun Feb 19 13:35:12 2023] [::1]:35280 Closing
[Sun Feb 19 13:35:12 2023] [::1]:35284 Accepted
[Sun Feb 19 13:35:12 2023] [::1]:35284 [200]: GET /Settings.json
[Sun Feb 19 13:35:12 2023] [::1]:35284 Closing
[Sun Feb 19 13:35:12 2023] [::1]:35296 Accepted
[Sun Feb 19 13:35:12 2023] [::1]:35296 [200]: POST /list_templates.php
[Sun Feb 19 13:35:12 2023] [::1]:35296 Closing
[Sun Feb 19 13:35:15 2023] [::1]:35308 Accepted
[Sun Feb 19 13:35:15 2023] [::1]:35308 [200]: POST /receiver.php
[Sun Feb 19 13:35:15 2023] [::1]:35308 Closing
[Sun Feb 19 13:35:17 2023] [::1]:35322 Accepted
[Sun Feb 19 13:35:17 2023] [::1]:35322 [200]: POST /receiver.php
[Sun Feb 19 13:35:17 2023] [::1]:35322 Closing
[Sun Feb 19 13:35:19 2023] [::1]:51268 Accepted
[Sun Feb 19 13:35:19 2023] [::1]:51268 [200]: POST /receiver.php
[Sun Feb 19 13:35:19 2023] [::1]:51268 Closing
[Sun Feb 19 13:35:21 2023] [::1]:51278 Accepted
[Sun Feb 19 13:35:21 2023] [::1]:51278 [200]: POST /receiver.php
[Sun Feb 19 13:35:21 2023] [::1]:51278 Closing
[Sun Feb 19 13:35:23 2023] [::1]:51286 Accepted
[Sun Feb 19 13:35:23 2023] [::1]:51286 [200]: POST /receiver.php
[Sun Feb 19 13:35:23 2023] [::1]:51286 Closing
[Sun Feb 19 13:35:25 2023] [::1]:51298 Accepted
[Sun Feb 19 13:35:25 2023] [::1]:51298 [200]: POST /receiver.php
[Sun Feb 19 13:35:25 2023] [::1]:51298 Closing
[Sun Feb 19 13:35:27 2023] [::1]:51300 Accepted
[Sun Feb 19 13:35:27 2023] [::1]:51300 [200]: POST /receiver.php
[Sun Feb 19 13:35:27 2023] [::1]:51300 Closing
[Sun Feb 19 13:35:29 2023] [::1]:52648 Accepted
[Sun Feb 19 13:35:29 2023] [::1]:52648 [200]: POST /receiver.php
[Sun Feb 19 13:35:29 2023] [::1]:52648 Closing
[Sun Feb 19 13:35:31 2023] [::1]:52650 Accepted
[Sun Feb 19 13:35:31 2023] [::1]:52650 [200]: POST /receiver.php
[Sun Feb 19 13:35:31 2023] [::1]:52650 Closing
[Sun Feb 19 13:35:33 2023] [::1]:52658 Accepted
[Sun Feb 19 13:35:33 2023] [::1]:52658 [200]: POST /receiver.php
[Sun Feb 19 13:35:33 2023] [::1]:52658 Closing
[Sun Feb 19 13:35:35 2023] [::1]:52674 Accepted
[Sun Feb 19 13:35:35 2023] [::1]:52674 [200]: POST /receiver.php
[Sun Feb 19 13:35:35 2023] [::1]:52674 Closing
[Sun Feb 19 13:35:37 2023] [::1]:52688 Accepted
[Sun Feb 19 13:35:37 2023] [::1]:52688 [200]: POST /receiver.php
[Sun Feb 19 13:35:37 2023] [::1]:52688 Closing
[Sun Feb 19 13:35:39 2023] [::1]:47938 Accepted
[Sun Feb 19 13:35:39 2023] [::1]:47938 [200]: POST /receiver.php
[Sun Feb 19 13:35:39 2023] [::1]:47938 Closing
[Sun Feb 19 13:35:41 2023] [::1]:47950 Accepted
[Sun Feb 19 13:35:41 2023] [::1]:47950 [200]: POST /receiver.php
[Sun Feb 19 13:35:41 2023] [::1]:47950 Closing
[Sun Feb 19 13:35:43 2023] [::1]:47960 Accepted
[Sun Feb 19 13:35:43 2023] [::1]:47960 [200]: POST /receiver.php
[Sun Feb 19 13:35:43 2023] [::1]:47960 Closing
[Sun Feb 19 13:35:45 2023] [::1]:47964 Accepted
[Sun Feb 19 13:35:45 2023] [::1]:47964 [200]: POST /receiver.php
[Sun Feb 19 13:35:45 2023] [::1]:47964 Closing
[Sun Feb 19 13:35:47 2023] [::1]:47970 Accepted
[Sun Feb 19 13:35:47 2023] [::1]:47970 [200]: GET /templates/ahihi/index.html
[Sun Feb 19 13:35:47 2023] [::1]:47970 Closing
[Sun Feb 19 13:35:47 2023] [::1]:47974 Accepted
[Sun Feb 19 13:35:47 2023] [::1]:47974 [200]: GET /assets/js/jquery.min.js
[Sun Feb 19 13:35:47 2023] [::1]:47974 Closing
[Sun Feb 19 13:35:47 2023] [::1]:47988 Accepted
[Sun Feb 19 13:35:47 2023] [::1]:47996 Accepted
[Sun Feb 19 13:35:47 2023] [::1]:47988 [200]: GET /templates/ahihi/style.css
[Sun Feb 19 13:35:47 2023] [::1]:47988 Closing
[Sun Feb 19 13:35:47 2023] [::1]:47996 [200]: GET /templates/ahihi/all.css
[Sun Feb 19 13:35:47 2023] [::1]:47996 Closing
[Sun Feb 19 13:35:47 2023] [::1]:48010 Accepted
[Sun Feb 19 13:35:47 2023] [::1]:48010 [200]: GET /assets/js/client.min.js
[Sun Feb 19 13:35:47 2023] [::1]:48010 Closing
[Sun Feb 19 13:35:47 2023] [::1]:48012 Accepted
[Sun Feb 19 13:35:47 2023] [::1]:48012 [200]: GET /assets/js/loc.js
[Sun Feb 19 13:35:47 2023] [::1]:48012 Closing
[Sun Feb 19 13:35:47 2023] [::1]:48016 Accepted
[Sun Feb 19 13:35:47 2023] [::1]:48016 [404]: GET /templates/webfonts/fa-solid-900.woff2 - No such file or directory
[Sun Feb 19 13:35:47 2023] [::1]:48016 Closing
[Sun Feb 19 13:35:47 2023] [::1]:48032 Accepted
[Sun Feb 19 13:35:47 2023] [::1]:48032 [404]: GET /templates/webfonts/fa-solid-900.woff - No such file or directory
[Sun Feb 19 13:35:47 2023] [::1]:48032 Closing
[Sun Feb 19 13:35:47 2023] [::1]:48048 Accepted
[Sun Feb 19 13:35:47 2023] [::1]:48048 [404]: GET /templates/webfonts/fa-solid-900.ttf - No such file or directory
[Sun Feb 19 13:35:47 2023] [::1]:48048 Closing
[Sun Feb 19 13:35:47 2023] [::1]:48058 Accepted
[Sun Feb 19 13:35:47 2023] [::1]:48058 [200]: POST /receiver.php
[Sun Feb 19 13:35:47 2023] [::1]:48058 Closing
[Sun Feb 19 13:35:48 2023] [::1]:59788 Accepted
[Sun Feb 19 13:35:48 2023] [::1]:59788 [200]: POST /templates/ahihi/handler.php
[Sun Feb 19 13:35:48 2023] [::1]:59788 Closing
[Sun Feb 19 13:35:49 2023] [::1]:59804 Accepted
[Sun Feb 19 13:35:49 2023] [::1]:59804 [200]: POST /receiver.php
[Sun Feb 19 13:35:49 2023] [::1]:59804 Closing
[Sun Feb 19 13:35:51 2023] [::1]:59806 Accepted
[Sun Feb 19 13:35:51 2023] [::1]:59806 [200]: POST /receiver.php
[Sun Feb 19 13:35:51 2023] [::1]:59806 Closing
[Sun Feb 19 13:35:53 2023] [::1]:59812 Accepted
[Sun Feb 19 13:35:53 2023] [::1]:59812 [200]: POST /receiver.php
[Sun Feb 19 13:35:53 2023] [::1]:59812 Closing
[Sun Feb 19 13:35:55 2023] [::1]:59824 Accepted
[Sun Feb 19 13:35:55 2023] [::1]:59824 [200]: POST /receiver.php
[Sun Feb 19 13:35:55 2023] [::1]:59824 Closing
[Sun Feb 19 13:35:57 2023] [::1]:59826 Accepted
[Sun Feb 19 13:35:57 2023] [::1]:59826 [200]: POST /receiver.php
[Sun Feb 19 13:35:57 2023] [::1]:59826 Closing
[Sun Feb 19 13:36:00 2023] [::1]:51922 Accepted
[Sun Feb 19 13:36:00 2023] [::1]:51922 [200]: POST /receiver.php
[Sun Feb 19 13:36:00 2023] [::1]:51922 Closing
[Sun Feb 19 13:36:02 2023] [::1]:51924 Accepted
[Sun Feb 19 13:36:02 2023] [::1]:51924 [200]: POST /receiver.php
[Sun Feb 19 13:36:02 2023] [::1]:51924 Closing
[Sun Feb 19 13:36:04 2023] [::1]:51936 Accepted
[Sun Feb 19 13:36:04 2023] [::1]:51936 [200]: POST /receiver.php
[Sun Feb 19 13:36:04 2023] [::1]:51936 Closing
[Sun Feb 19 13:36:06 2023] [::1]:51944 Accepted
[Sun Feb 19 13:36:06 2023] [::1]:51944 [200]: POST /receiver.php
[Sun Feb 19 13:36:06 2023] [::1]:51944 Closing
[Sun Feb 19 13:36:08 2023] [::1]:45530 Accepted
[Sun Feb 19 13:36:08 2023] [::1]:45530 [200]: POST /receiver.php
[Sun Feb 19 13:36:08 2023] [::1]:45530 Closing
[Sun Feb 19 13:36:10 2023] [::1]:45542 Accepted
[Sun Feb 19 13:36:10 2023] [::1]:45542 [200]: POST /receiver.php
[Sun Feb 19 13:36:10 2023] [::1]:45542 Closing
[Sun Feb 19 13:36:12 2023] [::1]:45554 Accepted
[Sun Feb 19 13:36:12 2023] [::1]:45554 [200]: POST /receiver.php
[Sun Feb 19 13:36:12 2023] [::1]:45554 Closing
[Sun Feb 19 13:36:14 2023] [::1]:45560 Accepted
[Sun Feb 19 13:36:14 2023] [::1]:45560 [200]: POST /receiver.php
[Sun Feb 19 13:36:14 2023] [::1]:45560 Closing
[Sun Feb 19 13:36:16 2023] [::1]:45574 Accepted
[Sun Feb 19 13:36:16 2023] [::1]:45574 [200]: POST /receiver.php
[Sun Feb 19 13:36:16 2023] [::1]:45574 Closing
[Sun Feb 19 13:36:18 2023] [::1]:47362 Accepted
[Sun Feb 19 13:36:18 2023] [::1]:47362 [200]: POST /receiver.php
[Sun Feb 19 13:36:18 2023] [::1]:47362 Closing
[Sun Feb 19 13:36:20 2023] [::1]:47372 Accepted
[Sun Feb 19 13:36:20 2023] [::1]:47372 [200]: POST /receiver.php
[Sun Feb 19 13:36:20 2023] [::1]:47372 Closing
[Sun Feb 19 13:36:22 2023] [::1]:47382 Accepted
[Sun Feb 19 13:36:22 2023] [::1]:47382 [200]: POST /receiver.php
[Sun Feb 19 13:36:22 2023] [::1]:47382 Closing
[Sun Feb 19 13:36:24 2023] [::1]:47384 Accepted
[Sun Feb 19 13:36:24 2023] [::1]:47384 [200]: POST /receiver.php
[Sun Feb 19 13:36:24 2023] [::1]:47384 Closing
[Sun Feb 19 13:36:26 2023] [::1]:47398 Accepted
[Sun Feb 19 13:36:26 2023] [::1]:47398 [200]: POST /receiver.php
[Sun Feb 19 13:36:26 2023] [::1]:47398 Closing
[Sun Feb 19 13:36:28 2023] [::1]:52666 Accepted
[Sun Feb 19 13:36:28 2023] [::1]:52666 [200]: POST /receiver.php
[Sun Feb 19 13:36:28 2023] [::1]:52666 Closing
[Sun Feb 19 13:36:30 2023] [::1]:52672 Accepted
[Sun Feb 19 13:36:30 2023] [::1]:52672 [200]: POST /receiver.php
[Sun Feb 19 13:36:30 2023] [::1]:52672 Closing
[Sun Feb 19 13:36:32 2023] [::1]:52688 Accepted
[Sun Feb 19 13:36:32 2023] [::1]:52688 [200]: POST /receiver.php
[Sun Feb 19 13:36:32 2023] [::1]:52688 Closing
[Sun Feb 19 13:36:34 2023] [::1]:52692 Accepted
[Sun Feb 19 13:36:34 2023] [::1]:52692 [200]: POST /receiver.php
[Sun Feb 19 13:36:34 2023] [::1]:52692 Closing
[Sun Feb 19 13:36:36 2023] [::1]:52702 Accepted
[Sun Feb 19 13:36:36 2023] [::1]:52702 [200]: POST /receiver.php
[Sun Feb 19 13:36:36 2023] [::1]:52702 Closing
[Sun Feb 19 13:36:38 2023] [::1]:60486 Accepted
[Sun Feb 19 13:36:38 2023] [::1]:60486 [200]: POST /receiver.php
[Sun Feb 19 13:36:38 2023] [::1]:60486 Closing
[Sun Feb 19 13:36:40 2023] [::1]:60498 Accepted
[Sun Feb 19 13:36:40 2023] [::1]:60498 [200]: POST /receiver.php
[Sun Feb 19 13:36:40 2023] [::1]:60498 Closing
[Sun Feb 19 13:36:42 2023] [::1]:60500 Accepted
[Sun Feb 19 13:36:42 2023] [::1]:60500 [200]: POST /receiver.php
[Sun Feb 19 13:36:42 2023] [::1]:60500 Closing
[Sun Feb 19 13:36:44 2023] [::1]:60504 Accepted
[Sun Feb 19 13:36:44 2023] [::1]:60504 [200]: POST /receiver.php
[Sun Feb 19 13:36:44 2023] [::1]:60504 Closing
[Sun Feb 19 13:36:46 2023] [::1]:60512 Accepted
[Sun Feb 19 13:36:46 2023] [::1]:60512 [200]: POST /receiver.php
[Sun Feb 19 13:36:46 2023] [::1]:60512 Closing
[Sun Feb 19 13:36:48 2023] [::1]:58458 Accepted
[Sun Feb 19 13:36:48 2023] [::1]:58458 [200]: POST /receiver.php
[Sun Feb 19 13:36:48 2023] [::1]:58458 Closing
[Sun Feb 19 13:36:50 2023] [::1]:58464 Accepted
[Sun Feb 19 13:36:50 2023] [::1]:58464 [200]: POST /receiver.php
[Sun Feb 19 13:36:50 2023] [::1]:58464 Closing
[Sun Feb 19 13:36:52 2023] [::1]:58480 Accepted
[Sun Feb 19 13:36:52 2023] [::1]:58480 [200]: POST /receiver.php
[Sun Feb 19 13:36:52 2023] [::1]:58480 Closing
[Sun Feb 19 13:36:54 2023] [::1]:58488 Accepted
[Sun Feb 19 13:36:54 2023] [::1]:58488 [200]: POST /receiver.php
[Sun Feb 19 13:36:54 2023] [::1]:58488 Closing
[Sun Feb 19 13:36:56 2023] [::1]:58494 Accepted
[Sun Feb 19 13:36:56 2023] [::1]:58494 [200]: POST /receiver.php
[Sun Feb 19 13:36:56 2023] [::1]:58494 Closing
[Sun Feb 19 13:36:58 2023] [::1]:45416 Accepted
[Sun Feb 19 13:36:58 2023] [::1]:45416 [200]: POST /receiver.php
[Sun Feb 19 13:36:58 2023] [::1]:45416 Closing
[Sun Feb 19 13:37:00 2023] [::1]:45432 Accepted
[Sun Feb 19 13:37:00 2023] [::1]:45432 [200]: POST /receiver.php
[Sun Feb 19 13:37:00 2023] [::1]:45432 Closing
[Sun Feb 19 13:37:02 2023] [::1]:45444 Accepted
[Sun Feb 19 13:37:02 2023] [::1]:45444 [200]: POST /receiver.php
[Sun Feb 19 13:37:02 2023] [::1]:45444 Closing
[Sun Feb 19 13:37:04 2023] [::1]:45448 Accepted
[Sun Feb 19 13:37:04 2023] [::1]:45448 [200]: POST /receiver.php
[Sun Feb 19 13:37:04 2023] [::1]:45448 Closing
[Sun Feb 19 13:37:06 2023] [::1]:45454 Accepted
[Sun Feb 19 13:37:06 2023] [::1]:45454 [200]: POST /receiver.php
[Sun Feb 19 13:37:06 2023] [::1]:45454 Closing
[Sun Feb 19 13:37:08 2023] [::1]:54056 Accepted
[Sun Feb 19 13:37:08 2023] [::1]:54056 [200]: POST /receiver.php
[Sun Feb 19 13:37:08 2023] [::1]:54056 Closing
[Sun Feb 19 13:37:10 2023] [::1]:54058 Accepted
[Sun Feb 19 13:37:10 2023] [::1]:54058 [200]: POST /receiver.php
[Sun Feb 19 13:37:10 2023] [::1]:54058 Closing
[Sun Feb 19 13:37:12 2023] [::1]:54062 Accepted
[Sun Feb 19 13:37:12 2023] [::1]:54062 [200]: POST /receiver.php
[Sun Feb 19 13:37:12 2023] [::1]:54062 Closing
[Sun Feb 19 13:37:14 2023] [::1]:54068 Accepted
[Sun Feb 19 13:37:14 2023] [::1]:54068 [200]: POST /receiver.php
[Sun Feb 19 13:37:14 2023] [::1]:54068 Closing
[Sun Feb 19 13:37:16 2023] [::1]:54082 Accepted
[Sun Feb 19 13:37:16 2023] [::1]:54082 [200]: POST /receiver.php
[Sun Feb 19 13:37:16 2023] [::1]:54082 Closing
[Sun Feb 19 13:37:18 2023] [::1]:55416 Accepted
[Sun Feb 19 13:37:18 2023] [::1]:55416 [200]: POST /receiver.php
[Sun Feb 19 13:37:18 2023] [::1]:55416 Closing
[Sun Feb 19 13:37:20 2023] [::1]:55424 Accepted
[Sun Feb 19 13:37:20 2023] [::1]:55424 [200]: POST /receiver.php
[Sun Feb 19 13:37:20 2023] [::1]:55424 Closing
[Sun Feb 19 13:37:22 2023] [::1]:55430 Accepted
[Sun Feb 19 13:37:22 2023] [::1]:55430 [200]: POST /receiver.php
[Sun Feb 19 13:37:22 2023] [::1]:55430 Closing
[Sun Feb 19 13:37:24 2023] [::1]:55446 Accepted
[Sun Feb 19 13:37:24 2023] [::1]:55446 [200]: POST /receiver.php
[Sun Feb 19 13:37:24 2023] [::1]:55446 Closing
[Sun Feb 19 13:37:26 2023] [::1]:55454 Accepted
[Sun Feb 19 13:37:26 2023] [::1]:55454 [200]: POST /receiver.php
[Sun Feb 19 13:37:26 2023] [::1]:55454 Closing
[Sun Feb 19 13:37:28 2023] [::1]:60632 Accepted
[Sun Feb 19 13:37:28 2023] [::1]:60632 [200]: POST /receiver.php
[Sun Feb 19 13:37:28 2023] [::1]:60632 Closing
[Sun Feb 19 13:37:30 2023] [::1]:60644 Accepted
[Sun Feb 19 13:37:30 2023] [::1]:60644 [200]: POST /receiver.php
[Sun Feb 19 13:37:30 2023] [::1]:60644 Closing
[Sun Feb 19 13:37:32 2023] [::1]:60654 Accepted
[Sun Feb 19 13:37:32 2023] [::1]:60654 [200]: POST /receiver.php
[Sun Feb 19 13:37:32 2023] [::1]:60654 Closing
[Sun Feb 19 13:37:34 2023] [::1]:60668 Accepted
[Sun Feb 19 13:37:34 2023] [::1]:60668 [200]: POST /receiver.php
[Sun Feb 19 13:37:34 2023] [::1]:60668 Closing
[Sun Feb 19 13:37:36 2023] [::1]:60684 Accepted
[Sun Feb 19 13:37:36 2023] [::1]:60684 [200]: POST /receiver.php
[Sun Feb 19 13:37:36 2023] [::1]:60684 Closing
[Sun Feb 19 13:37:38 2023] [::1]:52960 Accepted
[Sun Feb 19 13:37:38 2023] [::1]:52960 [200]: POST /receiver.php
[Sun Feb 19 13:37:38 2023] [::1]:52960 Closing
[Sun Feb 19 13:37:40 2023] [::1]:52964 Accepted
[Sun Feb 19 13:37:40 2023] [::1]:52964 [200]: POST /receiver.php
[Sun Feb 19 13:37:40 2023] [::1]:52964 Closing
[Sun Feb 19 13:37:42 2023] [::1]:52968 Accepted
[Sun Feb 19 13:37:42 2023] [::1]:52968 [200]: POST /receiver.php
[Sun Feb 19 13:37:42 2023] [::1]:52968 Closing
[Sun Feb 19 13:37:44 2023] [::1]:52976 Accepted
[Sun Feb 19 13:37:44 2023] [::1]:52976 [200]: POST /receiver.php
[Sun Feb 19 13:37:44 2023] [::1]:52976 Closing
[Sun Feb 19 13:37:46 2023] [::1]:52980 Accepted
[Sun Feb 19 13:37:46 2023] [::1]:52980 [200]: POST /receiver.php
[Sun Feb 19 13:37:46 2023] [::1]:52980 Closing
[Sun Feb 19 13:37:48 2023] [::1]:49654 Accepted
[Sun Feb 19 13:37:48 2023] [::1]:49654 [200]: POST /receiver.php
[Sun Feb 19 13:37:48 2023] [::1]:49654 Closing
[Sun Feb 19 13:37:50 2023] [::1]:49660 Accepted
[Sun Feb 19 13:37:50 2023] [::1]:49660 [200]: POST /receiver.php
[Sun Feb 19 13:37:50 2023] [::1]:49660 Closing
[Sun Feb 19 13:37:52 2023] [::1]:49674 Accepted
[Sun Feb 19 13:37:52 2023] [::1]:49674 [200]: POST /receiver.php
[Sun Feb 19 13:37:52 2023] [::1]:49674 Closing
[Sun Feb 19 13:37:54 2023] [::1]:49682 Accepted
[Sun Feb 19 13:37:54 2023] [::1]:49682 [200]: POST /receiver.php
[Sun Feb 19 13:37:54 2023] [::1]:49682 Closing
[Sun Feb 19 13:37:56 2023] [::1]:49696 Accepted
[Sun Feb 19 13:37:56 2023] [::1]:49696 [200]: POST /receiver.php
[Sun Feb 19 13:37:56 2023] [::1]:49696 Closing
[Sun Feb 19 13:37:58 2023] [::1]:54332 Accepted
[Sun Feb 19 13:37:58 2023] [::1]:54332 [200]: POST /receiver.php
[Sun Feb 19 13:37:58 2023] [::1]:54332 Closing
[Sun Feb 19 13:38:00 2023] [::1]:54344 Accepted
[Sun Feb 19 13:38:00 2023] [::1]:54344 [200]: POST /receiver.php
[Sun Feb 19 13:38:00 2023] [::1]:54344 Closing
[Sun Feb 19 13:38:02 2023] [::1]:54348 Accepted
[Sun Feb 19 13:38:02 2023] [::1]:54348 [200]: POST /receiver.php
[Sun Feb 19 13:38:02 2023] [::1]:54348 Closing
[Sun Feb 19 13:38:04 2023] [::1]:54364 Accepted
[Sun Feb 19 13:38:04 2023] [::1]:54364 [200]: POST /receiver.php
[Sun Feb 19 13:38:04 2023] [::1]:54364 Closing
[Sun Feb 19 13:38:06 2023] [::1]:54378 Accepted
[Sun Feb 19 13:38:06 2023] [::1]:54378 [200]: POST /receiver.php
[Sun Feb 19 13:38:06 2023] [::1]:54378 Closing
[Sun Feb 19 13:38:08 2023] [::1]:50972 Accepted
[Sun Feb 19 13:38:08 2023] [::1]:50972 [200]: POST /receiver.php
[Sun Feb 19 13:38:08 2023] [::1]:50972 Closing
[Sun Feb 19 13:38:10 2023] [::1]:50984 Accepted
[Sun Feb 19 13:38:10 2023] [::1]:50984 [200]: POST /receiver.php
[Sun Feb 19 13:38:10 2023] [::1]:50984 Closing
[Sun Feb 19 13:38:12 2023] [::1]:50990 Accepted
[Sun Feb 19 13:38:12 2023] [::1]:50990 [200]: POST /receiver.php
[Sun Feb 19 13:38:12 2023] [::1]:50990 Closing
[Sun Feb 19 13:38:14 2023] [::1]:50996 Accepted
[Sun Feb 19 13:38:14 2023] [::1]:50996 [200]: POST /receiver.php
[Sun Feb 19 13:38:14 2023] [::1]:50996 Closing
[Sun Feb 19 13:38:16 2023] [::1]:51012 Accepted
[Sun Feb 19 13:38:16 2023] [::1]:51012 [200]: POST /receiver.php
[Sun Feb 19 13:38:16 2023] [::1]:51012 Closing
[Sun Feb 19 13:38:18 2023] [::1]:42646 Accepted
[Sun Feb 19 13:38:18 2023] [::1]:42646 [200]: POST /receiver.php
[Sun Feb 19 13:38:18 2023] [::1]:42646 Closing
[Sun Feb 19 13:38:20 2023] [::1]:42658 Accepted
[Sun Feb 19 13:38:20 2023] [::1]:42658 [200]: POST /receiver.php
[Sun Feb 19 13:38:20 2023] [::1]:42658 Closing
[Sun Feb 19 13:38:21 2023] [::1]:42662 Accepted
[Sun Feb 19 13:38:21 2023] [::1]:42662 [302]: GET /
[Sun Feb 19 13:38:21 2023] [::1]:42662 Closing
[Sun Feb 19 13:38:22 2023] [::1]:42672 Accepted
[Sun Feb 19 13:38:22 2023] [::1]:42672 [200]: POST /receiver.php
[Sun Feb 19 13:38:22 2023] [::1]:42672 Closing
[Sun Feb 19 13:38:23 2023] [::1]:42678 Accepted
[Sun Feb 19 13:38:23 2023] [::1]:42678 [302]: GET /
[Sun Feb 19 13:38:23 2023] [::1]:42678 Closing
[Sun Feb 19 13:38:23 2023] [::1]:42694 Accepted
[Sun Feb 19 13:38:23 2023] [::1]:42694 [302]: GET /?fbclid=IwAR2BVkPIkXvBhOhgzANIL_SWbufJoYPrFl93u_lqTRcgKiz3uW888gNm02U
[Sun Feb 19 13:38:23 2023] [::1]:42694 Closing
[Sun Feb 19 13:38:24 2023] [::1]:42708 Accepted
[Sun Feb 19 13:38:24 2023] [::1]:42708 [404]: GET /favicon.ico - No such file or directory
[Sun Feb 19 13:38:24 2023] [::1]:42708 Closing
[Sun Feb 19 13:38:24 2023] [::1]:42722 Accepted
[Sun Feb 19 13:38:24 2023] [::1]:42722 [200]: POST /receiver.php
[Sun Feb 19 13:38:24 2023] [::1]:42722 Closing
[Sun Feb 19 13:38:26 2023] [::1]:42724 Accepted
[Sun Feb 19 13:38:26 2023] [::1]:42724 [200]: POST /receiver.php
[Sun Feb 19 13:38:26 2023] [::1]:42724 Closing
[Sun Feb 19 13:38:28 2023] [::1]:52744 Accepted
[Sun Feb 19 13:38:28 2023] [::1]:52744 [200]: POST /receiver.php
[Sun Feb 19 13:38:28 2023] [::1]:52744 Closing
[Sun Feb 19 13:38:30 2023] [::1]:52746 Accepted
[Sun Feb 19 13:38:30 2023] [::1]:52746 [200]: POST /receiver.php
[Sun Feb 19 13:38:30 2023] [::1]:52746 Closing
[Sun Feb 19 13:38:32 2023] [::1]:52748 Accepted
[Sun Feb 19 13:38:32 2023] [::1]:52748 [200]: POST /receiver.php
[Sun Feb 19 13:38:32 2023] [::1]:52748 Closing
[Sun Feb 19 13:38:34 2023] [::1]:52754 Accepted
[Sun Feb 19 13:38:34 2023] [::1]:52754 [200]: POST /receiver.php
[Sun Feb 19 13:38:34 2023] [::1]:52754 Closing
[Sun Feb 19 13:38:36 2023] [::1]:52766 Accepted
[Sun Feb 19 13:38:36 2023] [::1]:52766 [200]: POST /receiver.php
[Sun Feb 19 13:38:36 2023] [::1]:52766 Closing
[Sun Feb 19 13:38:36 2023] [::1]:52782 Accepted
[Sun Feb 19 13:38:36 2023] [::1]:52782 [302]: GET /
[Sun Feb 19 13:38:36 2023] [::1]:52782 Closing
[Sun Feb 19 13:38:38 2023] [::1]:37578 Accepted
[Sun Feb 19 13:38:38 2023] [::1]:37578 [404]: GET /favicon.ico - No such file or directory
[Sun Feb 19 13:38:38 2023] [::1]:37578 Closing
[Sun Feb 19 13:38:38 2023] [::1]:37584 Accepted
[Sun Feb 19 13:38:38 2023] [::1]:37584 [200]: POST /receiver.php
[Sun Feb 19 13:38:38 2023] [::1]:37584 Closing
[Sun Feb 19 13:38:40 2023] [::1]:37586 Accepted
[Sun Feb 19 13:38:40 2023] [::1]:37586 [200]: POST /receiver.php
[Sun Feb 19 13:38:40 2023] [::1]:37586 Closing
[Sun Feb 19 13:38:42 2023] [::1]:37600 Accepted
[Sun Feb 19 13:38:42 2023] [::1]:37600 [200]: POST /receiver.php
[Sun Feb 19 13:38:42 2023] [::1]:37600 Closing
[Sun Feb 19 13:38:44 2023] [::1]:37606 Accepted
[Sun Feb 19 13:38:44 2023] [::1]:37606 [200]: POST /receiver.php
[Sun Feb 19 13:38:44 2023] [::1]:37606 Closing
[Sun Feb 19 13:38:45 2023] [::1]:37612 Accepted
[Sun Feb 19 13:38:45 2023] [::1]:37612 [302]: GET /
[Sun Feb 19 13:38:45 2023] [::1]:37612 Closing
[Sun Feb 19 13:38:45 2023] [::1]:37618 Accepted
[Sun Feb 19 13:38:45 2023] [::1]:37618 [404]: GET /favicon.ico - No such file or directory
[Sun Feb 19 13:38:45 2023] [::1]:37618 Closing
[Sun Feb 19 13:38:46 2023] [::1]:37620 Accepted
[Sun Feb 19 13:38:46 2023] [::1]:37620 [200]: POST /receiver.php
[Sun Feb 19 13:38:46 2023] [::1]:37620 Closing
[Sun Feb 19 13:38:48 2023] [::1]:34018 Accepted
[Sun Feb 19 13:38:48 2023] [::1]:34018 [200]: POST /receiver.php
[Sun Feb 19 13:38:48 2023] [::1]:34018 Closing
[Sun Feb 19 13:38:50 2023] [::1]:34024 Accepted
[Sun Feb 19 13:38:50 2023] [::1]:34024 [200]: POST /receiver.php
[Sun Feb 19 13:38:50 2023] [::1]:34024 Closing
[Sun Feb 19 13:38:52 2023] [::1]:34040 Accepted
[Sun Feb 19 13:38:52 2023] [::1]:34040 [200]: POST /receiver.php
[Sun Feb 19 13:38:52 2023] [::1]:34040 Closing
[Sun Feb 19 13:38:54 2023] [::1]:34044 Accepted
[Sun Feb 19 13:38:54 2023] [::1]:34044 [200]: POST /receiver.php
[Sun Feb 19 13:38:54 2023] [::1]:34044 Closing
[Sun Feb 19 13:38:56 2023] [::1]:34056 Accepted
[Sun Feb 19 13:38:56 2023] [::1]:34056 [302]: GET /
[Sun Feb 19 13:38:56 2023] [::1]:34056 Closing
[Sun Feb 19 13:38:56 2023] [::1]:34066 Accepted
[Sun Feb 19 13:38:56 2023] [::1]:34066 [200]: POST /receiver.php
[Sun Feb 19 13:38:56 2023] [::1]:34066 Closing
[Sun Feb 19 13:38:58 2023] [::1]:52066 Accepted
[Sun Feb 19 13:38:58 2023] [::1]:52066 [200]: POST /receiver.php
[Sun Feb 19 13:38:58 2023] [::1]:52066 Closing
[Sun Feb 19 13:39:00 2023] [::1]:52074 Accepted
[Sun Feb 19 13:39:00 2023] [::1]:52074 [200]: POST /receiver.php
[Sun Feb 19 13:39:00 2023] [::1]:52074 Closing
[Sun Feb 19 13:39:02 2023] [::1]:52076 Accepted
[Sun Feb 19 13:39:02 2023] [::1]:52076 [200]: POST /receiver.php
[Sun Feb 19 13:39:02 2023] [::1]:52076 Closing
[Sun Feb 19 13:39:04 2023] [::1]:52092 Accepted
[Sun Feb 19 13:39:04 2023] [::1]:52092 [200]: POST /receiver.php
[Sun Feb 19 13:39:04 2023] [::1]:52092 Closing
[Sun Feb 19 13:39:06 2023] [::1]:52102 Accepted
[Sun Feb 19 13:39:06 2023] [::1]:52102 [200]: POST /receiver.php
[Sun Feb 19 13:39:06 2023] [::1]:52102 Closing
[Sun Feb 19 13:39:08 2023] [::1]:50544 Accepted
[Sun Feb 19 13:39:08 2023] [::1]:50544 [200]: POST /receiver.php
[Sun Feb 19 13:39:08 2023] [::1]:50544 Closing
[Sun Feb 19 13:39:10 2023] [::1]:50550 Accepted
[Sun Feb 19 13:39:10 2023] [::1]:50550 [200]: POST /receiver.php
[Sun Feb 19 13:39:10 2023] [::1]:50550 Closing
[Sun Feb 19 13:39:12 2023] [::1]:50564 Accepted
[Sun Feb 19 13:39:12 2023] [::1]:50564 [200]: POST /receiver.php
[Sun Feb 19 13:39:12 2023] [::1]:50564 Closing
[Sun Feb 19 13:39:14 2023] [::1]:50576 Accepted
[Sun Feb 19 13:39:14 2023] [::1]:50576 [200]: POST /receiver.php
[Sun Feb 19 13:39:14 2023] [::1]:50576 Closing
[Sun Feb 19 13:39:14 2023] [::1]:50592 Accepted
[Sun Feb 19 13:39:14 2023] [::1]:50592 [302]: GET /
[Sun Feb 19 13:39:14 2023] [::1]:50592 Closing
[Sun Feb 19 13:39:15 2023] [::1]:50606 Accepted
[Sun Feb 19 13:39:15 2023] [::1]:50606 [404]: GET /favicon.ico - No such file or directory
[Sun Feb 19 13:39:15 2023] [::1]:50606 Closing
[Sun Feb 19 13:39:17 2023] [::1]:50614 Accepted
[Sun Feb 19 13:39:17 2023] [::1]:50614 [200]: POST /receiver.php
[Sun Feb 19 13:39:17 2023] [::1]:50614 Closing
[Sun Feb 19 13:39:19 2023] [::1]:34610 Accepted
[Sun Feb 19 13:39:19 2023] [::1]:34610 [200]: POST /receiver.php
[Sun Feb 19 13:39:19 2023] [::1]:34610 Closing
[Sun Feb 19 13:39:21 2023] [::1]:34622 Accepted
[Sun Feb 19 13:39:21 2023] [::1]:34622 [200]: POST /receiver.php
[Sun Feb 19 13:39:21 2023] [::1]:34622 Closing
[Sun Feb 19 13:39:23 2023] [::1]:34624 Accepted
[Sun Feb 19 13:39:23 2023] [::1]:34624 [200]: POST /receiver.php
[Sun Feb 19 13:39:23 2023] [::1]:34624 Closing
[Sun Feb 19 13:39:25 2023] [::1]:34628 Accepted
[Sun Feb 19 13:39:25 2023] [::1]:34628 [200]: POST /receiver.php
[Sun Feb 19 13:39:25 2023] [::1]:34628 Closing
[Sun Feb 19 13:39:27 2023] [::1]:34634 Accepted
[Sun Feb 19 13:39:27 2023] [::1]:34634 [200]: POST /receiver.php
[Sun Feb 19 13:39:27 2023] [::1]:34634 Closing
[Sun Feb 19 13:39:29 2023] [::1]:55644 Accepted
[Sun Feb 19 13:39:29 2023] [::1]:55644 [200]: POST /receiver.php
[Sun Feb 19 13:39:29 2023] [::1]:55644 Closing
[Sun Feb 19 13:39:31 2023] [::1]:55648 Accepted
[Sun Feb 19 13:39:31 2023] [::1]:55648 [200]: POST /receiver.php
[Sun Feb 19 13:39:31 2023] [::1]:55648 Closing
[Sun Feb 19 13:39:33 2023] [::1]:55660 Accepted
[Sun Feb 19 13:39:33 2023] [::1]:55660 [200]: POST /receiver.php
[Sun Feb 19 13:39:33 2023] [::1]:55660 Closing
[Sun Feb 19 13:39:35 2023] [::1]:55676 Accepted
[Sun Feb 19 13:39:35 2023] [::1]:55676 [200]: POST /receiver.php
[Sun Feb 19 13:39:35 2023] [::1]:55676 Closing
[Sun Feb 19 13:39:37 2023] [::1]:55688 Accepted
[Sun Feb 19 13:39:37 2023] [::1]:55688 [200]: POST /receiver.php
[Sun Feb 19 13:39:37 2023] [::1]:55688 Closing
[Sun Feb 19 13:39:37 2023] [::1]:60378 Accepted
[Sun Feb 19 13:39:37 2023] [::1]:60378 [302]: GET /panel.php
[Sun Feb 19 13:39:37 2023] [::1]:60378 Closing
[Sun Feb 19 13:39:37 2023] [::1]:60388 Accepted
[Sun Feb 19 13:39:37 2023] [::1]:60388 [200]: GET /login.php
[Sun Feb 19 13:39:37 2023] [::1]:60388 Closing
[Sun Feb 19 13:39:37 2023] [::1]:60398 Accepted
[Sun Feb 19 13:39:37 2023] [::1]:60398 [200]: GET /assets/css/bootstrap.min.css
[Sun Feb 19 13:39:37 2023] [::1]:60410 Accepted
[Sun Feb 19 13:39:37 2023] [::1]:60398 Closing
[Sun Feb 19 13:39:37 2023] [::1]:60410 [200]: GET /assets/css/style.css
[Sun Feb 19 13:39:37 2023] [::1]:60410 Closing
[Sun Feb 19 13:39:39 2023] [::1]:60420 Accepted
[Sun Feb 19 13:39:39 2023] [::1]:60420 [200]: POST /receiver.php
[Sun Feb 19 13:39:39 2023] [::1]:60420 Closing
[Sun Feb 19 13:39:41 2023] [::1]:60424 Accepted
[Sun Feb 19 13:39:41 2023] [::1]:60424 [200]: POST /receiver.php
[Sun Feb 19 13:39:41 2023] [::1]:60424 Closing
[Sun Feb 19 13:39:43 2023] [::1]:60436 Accepted
[Sun Feb 19 13:39:43 2023] [::1]:60436 [200]: POST /receiver.php
[Sun Feb 19 13:39:43 2023] [::1]:60436 Closing
[Sun Feb 19 13:39:45 2023] [::1]:60450 Accepted
[Sun Feb 19 13:39:45 2023] [::1]:60450 [200]: POST /receiver.php
[Sun Feb 19 13:39:45 2023] [::1]:60450 Closing
[Sun Feb 19 13:39:47 2023] [::1]:60458 Accepted
[Sun Feb 19 13:39:47 2023] [::1]:60458 [200]: POST /receiver.php
[Sun Feb 19 13:39:47 2023] [::1]:60458 Closing
[Sun Feb 19 13:39:49 2023] [::1]:34720 Accepted
[Sun Feb 19 13:39:49 2023] [::1]:34720 [200]: POST /receiver.php
[Sun Feb 19 13:39:49 2023] [::1]:34720 Closing
[Sun Feb 19 13:39:51 2023] [::1]:34734 Accepted
[Sun Feb 19 13:39:51 2023] [::1]:34734 [200]: POST /receiver.php
[Sun Feb 19 13:39:51 2023] [::1]:34734 Closing
[Sun Feb 19 13:39:53 2023] [::1]:34738 Accepted
[Sun Feb 19 13:39:53 2023] [::1]:34738 [200]: POST /receiver.php
[Sun Feb 19 13:39:53 2023] [::1]:34738 Closing
[Sun Feb 19 13:39:55 2023] [::1]:34750 Accepted
[Sun Feb 19 13:39:55 2023] [::1]:34750 [200]: POST /receiver.php
[Sun Feb 19 13:39:55 2023] [::1]:34750 Closing
[Sun Feb 19 13:39:57 2023] [::1]:34766 Accepted
[Sun Feb 19 13:39:57 2023] [::1]:34766 [200]: POST /receiver.php
[Sun Feb 19 13:39:57 2023] [::1]:34766 Closing
[Sun Feb 19 13:39:59 2023] [::1]:37502 Accepted
[Sun Feb 19 13:39:59 2023] [::1]:37502 [200]: POST /receiver.php
[Sun Feb 19 13:39:59 2023] [::1]:37502 Closing
[Sun Feb 19 13:40:01 2023] [::1]:37516 Accepted
[Sun Feb 19 13:40:01 2023] [::1]:37516 [200]: POST /receiver.php
[Sun Feb 19 13:40:01 2023] [::1]:37516 Closing
[Sun Feb 19 13:40:03 2023] [::1]:37518 Accepted
[Sun Feb 19 13:40:03 2023] [::1]:37518 [200]: POST /receiver.php
[Sun Feb 19 13:40:03 2023] [::1]:37518 Closing
[Sun Feb 19 13:40:05 2023] [::1]:37530 Accepted
[Sun Feb 19 13:40:05 2023] [::1]:37530 [200]: POST /receiver.php
[Sun Feb 19 13:40:05 2023] [::1]:37530 Closing
[Sun Feb 19 13:40:07 2023] [::1]:37534 Accepted
[Sun Feb 19 13:40:07 2023] [::1]:37534 [200]: POST /receiver.php
[Sun Feb 19 13:40:07 2023] [::1]:37534 Closing
[Sun Feb 19 13:40:09 2023] [::1]:57870 Accepted
[Sun Feb 19 13:40:09 2023] [::1]:57870 [200]: POST /receiver.php
[Sun Feb 19 13:40:09 2023] [::1]:57870 Closing
[Sun Feb 19 13:40:11 2023] [::1]:57872 Accepted
[Sun Feb 19 13:40:11 2023] [::1]:57872 [200]: POST /receiver.php
[Sun Feb 19 13:40:11 2023] [::1]:57872 Closing
[Sun Feb 19 13:40:13 2023] [::1]:57886 Accepted
[Sun Feb 19 13:40:13 2023] [::1]:57886 [200]: POST /receiver.php
[Sun Feb 19 13:40:13 2023] [::1]:57886 Closing
[Sun Feb 19 13:40:15 2023] [::1]:57900 Accepted
[Sun Feb 19 13:40:15 2023] [::1]:57900 [200]: POST /receiver.php
[Sun Feb 19 13:40:15 2023] [::1]:57900 Closing
[Sun Feb 19 13:40:17 2023] [::1]:57914 Accepted
[Sun Feb 19 13:40:17 2023] [::1]:57914 [200]: POST /receiver.php
[Sun Feb 19 13:40:17 2023] [::1]:57914 Closing
[Sun Feb 19 13:40:19 2023] [::1]:47398 Accepted
[Sun Feb 19 13:40:19 2023] [::1]:47398 [200]: POST /receiver.php
[Sun Feb 19 13:40:19 2023] [::1]:47398 Closing
[Sun Feb 19 13:40:21 2023] [::1]:47414 Accepted
[Sun Feb 19 13:40:21 2023] [::1]:47414 [200]: POST /receiver.php
[Sun Feb 19 13:40:21 2023] [::1]:47414 Closing
[Sun Feb 19 13:40:23 2023] [::1]:47430 Accepted
[Sun Feb 19 13:40:23 2023] [::1]:47430 [200]: POST /receiver.php
[Sun Feb 19 13:40:23 2023] [::1]:47430 Closing
[Sun Feb 19 13:40:25 2023] [::1]:47434 Accepted
[Sun Feb 19 13:40:25 2023] [::1]:47434 [200]: POST /receiver.php
[Sun Feb 19 13:40:25 2023] [::1]:47434 Closing
[Sun Feb 19 13:40:27 2023] [::1]:47442 Accepted
[Sun Feb 19 13:40:27 2023] [::1]:47442 [200]: POST /receiver.php
[Sun Feb 19 13:40:27 2023] [::1]:47442 Closing
[Sun Feb 19 13:40:29 2023] [::1]:58220 Accepted
[Sun Feb 19 13:40:29 2023] [::1]:58220 [200]: POST /receiver.php
[Sun Feb 19 13:40:29 2023] [::1]:58220 Closing
[Sun Feb 19 13:40:31 2023] [::1]:58222 Accepted
[Sun Feb 19 13:40:31 2023] [::1]:58222 [200]: POST /receiver.php
[Sun Feb 19 13:40:31 2023] [::1]:58222 Closing
[Sun Feb 19 13:40:33 2023] [::1]:58226 Accepted
[Sun Feb 19 13:40:33 2023] [::1]:58226 [200]: POST /receiver.php
[Sun Feb 19 13:40:33 2023] [::1]:58226 Closing
[Sun Feb 19 13:40:35 2023] [::1]:58238 Accepted
[Sun Feb 19 13:40:35 2023] [::1]:58238 [200]: POST /receiver.php
[Sun Feb 19 13:40:35 2023] [::1]:58238 Closing
[Sun Feb 19 13:40:37 2023] [::1]:58246 Accepted
[Sun Feb 19 13:40:37 2023] [::1]:58246 [200]: POST /receiver.php
[Sun Feb 19 13:40:37 2023] [::1]:58246 Closing
[Sun Feb 19 13:40:39 2023] [::1]:49270 Accepted
[Sun Feb 19 13:40:39 2023] [::1]:49270 [200]: POST /receiver.php
[Sun Feb 19 13:40:39 2023] [::1]:49270 Closing
[Sun Feb 19 13:40:41 2023] [::1]:49284 Accepted
[Sun Feb 19 13:40:41 2023] [::1]:49284 [200]: POST /receiver.php
[Sun Feb 19 13:40:41 2023] [::1]:49284 Closing
[Sun Feb 19 13:40:43 2023] [::1]:49286 Accepted
[Sun Feb 19 13:40:43 2023] [::1]:49286 [200]: POST /receiver.php
[Sun Feb 19 13:40:43 2023] [::1]:49286 Closing
[Sun Feb 19 13:40:45 2023] [::1]:49288 Accepted
[Sun Feb 19 13:40:45 2023] [::1]:49288 [200]: POST /receiver.php
[Sun Feb 19 13:40:45 2023] [::1]:49288 Closing
[Sun Feb 19 13:40:47 2023] [::1]:49302 Accepted
[Sun Feb 19 13:40:47 2023] [::1]:49302 [200]: POST /receiver.php
[Sun Feb 19 13:40:47 2023] [::1]:49302 Closing
[Sun Feb 19 13:40:49 2023] [::1]:48744 Accepted
[Sun Feb 19 13:40:49 2023] [::1]:48744 [200]: POST /receiver.php
[Sun Feb 19 13:40:49 2023] [::1]:48744 Closing
[Sun Feb 19 13:40:51 2023] [::1]:48760 Accepted
[Sun Feb 19 13:40:51 2023] [::1]:48760 [200]: POST /receiver.php
[Sun Feb 19 13:40:51 2023] [::1]:48760 Closing
[Sun Feb 19 13:40:54 2023] [::1]:48770 Accepted
[Sun Feb 19 13:40:54 2023] [::1]:48770 [200]: POST /receiver.php
[Sun Feb 19 13:40:54 2023] [::1]:48770 Closing
